<?xml version="1.0" encoding="UTF-8"?>
<!-- Generated by org.testng.reporters.JUnitXMLReporter -->
<testsuite hostname="LTB0210731-Mac.local" name="Test Suite - Android" tests="1" failures="1" timestamp="11 Jun 2019 10:14:03 GMT" time="16.464" errors="0">
  <testcase name="@AfterMethod teardownDriver" time="0.0" classname="tests.STB_Automation">
    <failure type="java.lang.NullPointerException">
      <![CDATA[java.lang.NullPointerException
	at tests.Base_Class.teardownDriver(Base_Class.java:42)
... Removed 29 stack frames]]>
    </failure>
  </testcase> <!-- @AfterMethod teardownDriver -->
  <testcase name="TestHomePage" time="11.241" classname="tests.STB_Automation">
    <failure type="java.lang.NullPointerException">
      <![CDATA[java.lang.NullPointerException
	at org.utils.Helpers.scrolltoend(Helpers.java:103)
	at tests.STB_Automation.TestHomePage(STB_Automation.java:19)
... Removed 27 stack frames]]>
    </failure>
  </testcase> <!-- TestHomePage -->
</testsuite> <!-- Test Suite - Android -->
